<?xml version="1.0" encoding="UTF-8"?>
<testng-results skipped="0" failed="3" total="28" passed="25">
  <reporter-output>
  </reporter-output>
  <suite name="Suite" duration-ms="1077203" started-at="2015-04-30T15:38:34Z" finished-at="2015-04-30T15:56:31Z">
    <groups>
    </groups>
    <test name="ChromeTest" duration-ms="605888" started-at="2015-04-30T15:38:34Z" finished-at="2015-04-30T15:48:39Z">
      <class name="SeleniumIntegration.MavenDemo.DoTwitterPost">
        <test-method status="PASS" signature="launchapp(java.lang.String)" name="launchapp" is-config="true" duration-ms="60420" started-at="2015-04-30T15:38:34Z" finished-at="2015-04-30T15:39:34Z">
          <params>
            <param index="0">
              <value>
                <![CDATA[chrome]]>
              </value>
            </param>
          </params>
        </test-method>
        <test-method status="PASS" signature="LoginTest(java.lang.String)" name="LoginTest" duration-ms="37695" started-at="2015-04-30T15:39:37Z" finished-at="2015-04-30T15:40:15Z">
          <params>
            <param index="0">
              <value>
                <![CDATA[There once was a speedy Hare who bragged about how fast he could run.]]>
              </value>
            </param>
          </params>
        </test-method>
        <test-method status="PASS" signature="LoginTest(java.lang.String)" name="LoginTest" duration-ms="31298" started-at="2015-04-30T15:40:15Z" finished-at="2015-04-30T15:40:46Z">
          <params>
            <param index="0">
              <value>
                <![CDATA[Tired of hearing him boast, the Tortoise challenged him to a race.]]>
              </value>
            </param>
          </params>
        </test-method>
        <test-method status="PASS" signature="LoginTest(java.lang.String)" name="LoginTest" duration-ms="26260" started-at="2015-04-30T15:40:46Z" finished-at="2015-04-30T15:41:12Z">
          <params>
            <param index="0">
              <value>
                <![CDATA[All the animals in the forest gathered to watch.]]>
              </value>
            </param>
          </params>
        </test-method>
        <test-method status="PASS" signature="LoginTest(java.lang.String)" name="LoginTest" duration-ms="26756" started-at="2015-04-30T15:41:12Z" finished-at="2015-04-30T15:41:39Z">
          <params>
            <param index="0">
              <value>
                <![CDATA[The Hare ran down the road for a while and then and paused to rest.]]>
              </value>
            </param>
          </params>
        </test-method>
        <test-method status="PASS" signature="LoginTest(java.lang.String)" name="LoginTest" duration-ms="25962" started-at="2015-04-30T15:41:39Z" finished-at="2015-04-30T15:42:05Z">
          <params>
            <param index="0">
              <value>
                <![CDATA[He looked back at the tortoise and cried out]]>
              </value>
            </param>
          </params>
        </test-method>
        <test-method status="PASS" signature="LoginTest(java.lang.String)" name="LoginTest" duration-ms="26639" started-at="2015-04-30T15:42:05Z" finished-at="2015-04-30T15:42:32Z">
          <params>
            <param index="0">
              <value>
                <![CDATA[How do you expect to win this race when you are walking along at your slow, slow pace?]]>
              </value>
            </param>
          </params>
        </test-method>
        <test-method status="PASS" signature="LoginTest(java.lang.String)" name="LoginTest" duration-ms="130452" started-at="2015-04-30T15:42:32Z" finished-at="2015-04-30T15:44:42Z">
          <params>
            <param index="0">
              <value>
                <![CDATA[The Hare stretched himself out alongside the road and fell asleep, thinking]]>
              </value>
            </param>
          </params>
        </test-method>
        <test-method status="PASS" signature="LoginTest(java.lang.String)" name="LoginTest" duration-ms="26765" started-at="2015-04-30T15:44:42Z" finished-at="2015-04-30T15:45:09Z">
          <params>
            <param index="0">
              <value>
                <![CDATA[There is plenty of time to relax]]>
              </value>
            </param>
          </params>
        </test-method>
        <test-method status="PASS" signature="LoginTest(java.lang.String)" name="LoginTest" duration-ms="27936" started-at="2015-04-30T15:45:09Z" finished-at="2015-04-30T15:45:37Z">
          <params>
            <param index="0">
              <value>
                <![CDATA[The Tortoise walked and walked; never ever stopping until he came to the finish line.]]>
              </value>
            </param>
          </params>
        </test-method>
        <test-method status="PASS" signature="LoginTest(java.lang.String)" name="LoginTest" duration-ms="28834" started-at="2015-04-30T15:45:37Z" finished-at="2015-04-30T15:46:06Z">
          <params>
            <param index="0">
              <value>
                <![CDATA[The animals who were watching cheered so loudly for Tortoise]]>
              </value>
            </param>
          </params>
        </test-method>
        <test-method status="PASS" signature="LoginTest(java.lang.String)" name="LoginTest" duration-ms="34007" started-at="2015-04-30T15:46:06Z" finished-at="2015-04-30T15:46:40Z">
          <params>
            <param index="0">
              <value>
                <![CDATA[The Hare stretched and yawned and began to run again]]>
              </value>
            </param>
          </params>
        </test-method>
        <test-method status="PASS" signature="LoginTest(java.lang.String)" name="LoginTest" duration-ms="66029" started-at="2015-04-30T15:46:40Z" finished-at="2015-04-30T15:47:46Z">
          <params>
            <param index="0">
              <value>
                <![CDATA[Tortoise was already over the line.]]>
              </value>
            </param>
          </params>
        </test-method>
        <test-method status="PASS" signature="LoginTest(java.lang.String)" name="LoginTest" duration-ms="28191" started-at="2015-04-30T15:47:46Z" finished-at="2015-04-30T15:48:14Z">
          <params>
            <param index="0">
              <value>
                <![CDATA[SLOW AND STEADY WINS THE RACE]]>
              </value>
            </param>
          </params>
        </test-method>
        <test-method status="FAIL" signature="LoginTest(java.lang.String)" name="LoginTest" duration-ms="23894" started-at="2015-04-30T15:48:14Z" finished-at="2015-04-30T15:48:38Z">
          <params>
            <param index="0">
              <value is-null="true"/>
            </param>
          </params>
          <exception class="org.openqa.selenium.WebDriverException">
            <message>
              <![CDATA[unknown error: keys should be a string
  (Session info: chrome=42.0.2311.90)
  (Driver info: chromedriver=2.9.248315,platform=Windows NT 6.1 SP1 x86) (WARNING: The server did not provide any stacktrace information)
Command duration or timeout: 224 milliseconds
Build info: version: '2.45.0', revision: '5017cb8', time: '2015-02-26 23:59:50'
System info: host: 'amit-PC', ip: '192.168.0.122', os.name: 'Windows 7', os.arch: 'x86', os.version: '6.1', java.version: '1.8.0_45'
Driver info: org.openqa.selenium.chrome.ChromeDriver
Capabilities [{applicationCacheEnabled=false, rotatable=false, chrome={userDataDir=C:\Users\amit\AppData\Local\Temp\scoped_dir9172_3389}, takesHeapSnapshot=true, databaseEnabled=false, handlesAlerts=true, version=42.0.2311.90, platform=XP, browserConnectionEnabled=false, nativeEvents=true, acceptSslCerts=true, locationContextEnabled=true, webStorageEnabled=true, browserName=chrome, takesScreenshot=true, javascriptEnabled=true, cssSelectorsEnabled=true}]
Session ID: 4cd52c8897075ec5885fecd8707c1fde
Command duration or timeout: 3.09 seconds
Build info: version: '2.45.0', revision: '5017cb8e7ca8e37638dc3091b2440b90a1d8686f', time: '2015-02-27 09:10:26'
System info: host: 'amit-PC', ip: '127.0.0.1', os.name: 'Windows 7', os.arch: 'x86', os.version: '6.1', java.version: '1.8.0_45'
Driver info: org.openqa.selenium.remote.RemoteWebDriver
Capabilities [{applicationCacheEnabled=false, rotatable=false, chrome={userDataDir=C:\Users\amit\AppData\Local\Temp\scoped_dir9172_3389}, takesHeapSnapshot=true, databaseEnabled=false, handlesAlerts=true, version=42.0.2311.90, platform=XP, browserConnectionEnabled=false, nativeEvents=true, acceptSslCerts=true, webdriver.remote.sessionid=d98bc953-2a38-4ccf-9636-b144d9f12f5c, locationContextEnabled=true, webStorageEnabled=true, browserName=chrome, takesScreenshot=true, javascriptEnabled=true, cssSelectorsEnabled=true}]
Session ID: d98bc953-2a38-4ccf-9636-b144d9f12f5c]]>
            </message>
            <full-stacktrace>
              <![CDATA[org.openqa.selenium.WebDriverException: unknown error: keys should be a string
  (Session info: chrome=42.0.2311.90)
  (Driver info: chromedriver=2.9.248315,platform=Windows NT 6.1 SP1 x86) (WARNING: The server did not provide any stacktrace information)
Command duration or timeout: 224 milliseconds
Build info: version: '2.45.0', revision: '5017cb8', time: '2015-02-26 23:59:50'
System info: host: 'amit-PC', ip: '192.168.0.122', os.name: 'Windows 7', os.arch: 'x86', os.version: '6.1', java.version: '1.8.0_45'
Driver info: org.openqa.selenium.chrome.ChromeDriver
Capabilities [{applicationCacheEnabled=false, rotatable=false, chrome={userDataDir=C:\Users\amit\AppData\Local\Temp\scoped_dir9172_3389}, takesHeapSnapshot=true, databaseEnabled=false, handlesAlerts=true, version=42.0.2311.90, platform=XP, browserConnectionEnabled=false, nativeEvents=true, acceptSslCerts=true, locationContextEnabled=true, webStorageEnabled=true, browserName=chrome, takesScreenshot=true, javascriptEnabled=true, cssSelectorsEnabled=true}]
Session ID: 4cd52c8897075ec5885fecd8707c1fde
Command duration or timeout: 3.09 seconds
Build info: version: '2.45.0', revision: '5017cb8e7ca8e37638dc3091b2440b90a1d8686f', time: '2015-02-27 09:10:26'
System info: host: 'amit-PC', ip: '127.0.0.1', os.name: 'Windows 7', os.arch: 'x86', os.version: '6.1', java.version: '1.8.0_45'
Driver info: org.openqa.selenium.remote.RemoteWebDriver
Capabilities [{applicationCacheEnabled=false, rotatable=false, chrome={userDataDir=C:\Users\amit\AppData\Local\Temp\scoped_dir9172_3389}, takesHeapSnapshot=true, databaseEnabled=false, handlesAlerts=true, version=42.0.2311.90, platform=XP, browserConnectionEnabled=false, nativeEvents=true, acceptSslCerts=true, webdriver.remote.sessionid=d98bc953-2a38-4ccf-9636-b144d9f12f5c, locationContextEnabled=true, webStorageEnabled=true, browserName=chrome, takesScreenshot=true, javascriptEnabled=true, cssSelectorsEnabled=true}]
Session ID: d98bc953-2a38-4ccf-9636-b144d9f12f5c
	at sun.reflect.NativeConstructorAccessorImpl.newInstance0(Native Method)
	at sun.reflect.NativeConstructorAccessorImpl.newInstance(NativeConstructorAccessorImpl.java:62)
	at sun.reflect.DelegatingConstructorAccessorImpl.newInstance(DelegatingConstructorAccessorImpl.java:45)
	at java.lang.reflect.Constructor.newInstance(Constructor.java:422)
	at org.openqa.selenium.remote.ErrorHandler.createThrowable(ErrorHandler.java:204)
	at org.openqa.selenium.remote.ErrorHandler.throwIfResponseFailed(ErrorHandler.java:156)
	at org.openqa.selenium.remote.RemoteWebDriver.execute(RemoteWebDriver.java:599)
	at org.openqa.selenium.remote.RemoteWebElement.execute(RemoteWebElement.java:268)
	at org.openqa.selenium.remote.RemoteWebElement.sendKeys(RemoteWebElement.java:89)
	at SeleniumIntegration.MavenDemo.DoTwitterPost.LoginTest(DoTwitterPost.java:149)
	at sun.reflect.GeneratedMethodAccessor7.invoke(Unknown Source)
	at sun.reflect.DelegatingMethodAccessorImpl.invoke(DelegatingMethodAccessorImpl.java:43)
	at java.lang.reflect.Method.invoke(Method.java:497)
	at org.testng.internal.MethodInvocationHelper.invokeMethod(MethodInvocationHelper.java:80)
	at org.testng.internal.Invoker.invokeMethod(Invoker.java:673)
	at org.testng.internal.Invoker.invokeTestMethod(Invoker.java:842)
	at org.testng.internal.Invoker.invokeTestMethods(Invoker.java:1166)
	at org.testng.internal.TestMethodWorker.invokeTestMethods(TestMethodWorker.java:125)
	at org.testng.internal.TestMethodWorker.run(TestMethodWorker.java:109)
	at org.testng.TestRunner.runWorkers(TestRunner.java:1178)
	at org.testng.TestRunner.privateRun(TestRunner.java:757)
	at org.testng.TestRunner.run(TestRunner.java:608)
	at org.testng.SuiteRunner.runTest(SuiteRunner.java:334)
	at org.testng.SuiteRunner.access$000(SuiteRunner.java:36)
	at org.testng.SuiteRunner$SuiteWorker.run(SuiteRunner.java:368)
	at org.testng.internal.thread.ThreadUtil$CountDownLatchedRunnable.run(ThreadUtil.java:165)
	at java.util.concurrent.ThreadPoolExecutor.runWorker(ThreadPoolExecutor.java:1142)
	at java.util.concurrent.ThreadPoolExecutor$Worker.run(ThreadPoolExecutor.java:617)
	at java.lang.Thread.run(Thread.java:745)
Caused by: org.openqa.selenium.remote.ScreenshotException: Screen shot has been taken
Build info: version: '2.45.0', revision: '5017cb8e7ca8e37638dc3091b2440b90a1d8686f', time: '2015-02-27 09:10:26'
System info: host: 'amit-PC', ip: '127.0.0.1', os.name: 'Windows 7', os.arch: 'x86', os.version: '6.1', java.version: '1.8.0_45'
Driver info: driver.version: RemoteWebDriver
	at org.openqa.selenium.remote.ErrorHandler.throwIfResponseFailed(ErrorHandler.java:136)
	... 23 more
Caused by: org.openqa.selenium.WebDriverException: unknown error: keys should be a string
  (Session info: chrome=42.0.2311.90)
  (Driver info: chromedriver=2.9.248315,platform=Windows NT 6.1 SP1 x86) (WARNING: The server did not provide any stacktrace information)
Command duration or timeout: 224 milliseconds
Build info: version: '2.45.0', revision: '5017cb8', time: '2015-02-26 23:59:50'
System info: host: 'amit-PC', ip: '192.168.0.122', os.name: 'Windows 7', os.arch: 'x86', os.version: '6.1', java.version: '1.8.0_45'
Driver info: org.openqa.selenium.chrome.ChromeDriver
Capabilities [{applicationCacheEnabled=false, rotatable=false, chrome={userDataDir=C:\Users\amit\AppData\Local\Temp\scoped_dir9172_3389}, takesHeapSnapshot=true, databaseEnabled=false, handlesAlerts=true, version=42.0.2311.90, platform=XP, browserConnectionEnabled=false, nativeEvents=true, acceptSslCerts=true, locationContextEnabled=true, webStorageEnabled=true, browserName=chrome, takesScreenshot=true, javascriptEnabled=true, cssSelectorsEnabled=true}]
Session ID: 4cd52c8897075ec5885fecd8707c1fde
Build info: version: '2.45.0', revision: '5017cb8e7ca8e37638dc3091b2440b90a1d8686f', time: '2015-02-27 09:10:26'
System info: host: 'amit-PC', ip: '127.0.0.1', os.name: 'Windows 7', os.arch: 'x86', os.version: '6.1', java.version: '1.8.0_45'
Driver info: driver.version: RemoteWebDriver
	at sun.reflect.NativeConstructorAccessorImpl.newInstance0(Native Method)
	at sun.reflect.NativeConstructorAccessorImpl.newInstance(Unknown Source)
	at sun.reflect.DelegatingConstructorAccessorImpl.newInstance(Unknown Source)
	at java.lang.reflect.Constructor.newInstance(Unknown Source)
	at org.openqa.selenium.remote.ErrorHandler.createThrowable(ErrorHandler.java:204)
	at org.openqa.selenium.remote.ErrorHandler.throwIfResponseFailed(ErrorHandler.java:156)
	at org.openqa.selenium.remote.RemoteWebDriver.execute(RemoteWebDriver.java:599)
	at org.openqa.selenium.remote.RemoteWebElement.execute(RemoteWebElement.java:268)
	at org.openqa.selenium.remote.RemoteWebElement.sendKeys(RemoteWebElement.java:89)
	at sun.reflect.GeneratedMethodAccessor23.invoke(Unknown Source)
	at sun.reflect.DelegatingMethodAccessorImpl.invoke(Unknown Source)
	at java.lang.reflect.Method.invoke(Unknown Source)
	at org.openqa.selenium.support.events.EventFiringWebDriver$EventFiringWebElement$1.invoke(EventFiringWebDriver.java:331)
	at com.sun.proxy.$Proxy2.sendKeys(Unknown Source)
	at org.openqa.selenium.support.events.EventFiringWebDriver$EventFiringWebElement.sendKeys(EventFiringWebDriver.java:354)
	at sun.reflect.GeneratedMethodAccessor23.invoke(Unknown Source)
	at sun.reflect.DelegatingMethodAccessorImpl.invoke(Unknown Source)
	at java.lang.reflect.Method.invoke(Unknown Source)
	at org.openqa.selenium.remote.server.KnownElements$1.invoke(KnownElements.java:63)
	at com.sun.proxy.$Proxy3.sendKeys(Unknown Source)
	at org.openqa.selenium.remote.server.handler.SendKeys.call(SendKeys.java:49)
	at org.openqa.selenium.remote.server.handler.SendKeys.call(SendKeys.java:1)
	at java.util.concurrent.FutureTask.run(Unknown Source)
	at org.openqa.selenium.remote.server.DefaultSession$1.run(DefaultSession.java:168)
	at java.util.concurrent.ThreadPoolExecutor.runWorker(Unknown Source)
	at java.util.concurrent.ThreadPoolExecutor$Worker.run(Unknown Source)
	at java.lang.Thread.run(Unknown Source)
]]>
            </full-stacktrace>
          </exception>
        </test-method>
        <test-method status="PASS" signature="terminatetest()" name="terminatetest" is-config="true" duration-ms="1556" started-at="2015-04-30T15:48:38Z" finished-at="2015-04-30T15:48:39Z">
        </test-method>
      </class>
    </test>
    <test name="FirefoxTest" duration-ms="1077203" started-at="2015-04-30T15:38:34Z" finished-at="2015-04-30T15:56:31Z">
      <class name="SeleniumIntegration.MavenDemo.DoTwitterPost">
        <test-method status="PASS" signature="launchapp(java.lang.String)" name="launchapp" is-config="true" duration-ms="75995" started-at="2015-04-30T15:38:34Z" finished-at="2015-04-30T15:39:50Z">
          <params>
            <param index="0">
              <value>
                <![CDATA[firefox]]>
              </value>
            </param>
          </params>
        </test-method>
        <test-method status="PASS" signature="LoginTest(java.lang.String)" name="LoginTest" duration-ms="71085" started-at="2015-04-30T15:39:50Z" finished-at="2015-04-30T15:41:01Z">
          <params>
            <param index="0">
              <value>
                <![CDATA[There once was a speedy Hare who bragged about how fast he could run.]]>
              </value>
            </param>
          </params>
        </test-method>
        <test-method status="PASS" signature="LoginTest(java.lang.String)" name="LoginTest" duration-ms="221647" started-at="2015-04-30T15:41:01Z" finished-at="2015-04-30T15:44:42Z">
          <params>
            <param index="0">
              <value>
                <![CDATA[Tired of hearing him boast, the Tortoise challenged him to a race.]]>
              </value>
            </param>
          </params>
        </test-method>
        <test-method status="PASS" signature="LoginTest(java.lang.String)" name="LoginTest" duration-ms="59602" started-at="2015-04-30T15:44:42Z" finished-at="2015-04-30T15:45:42Z">
          <params>
            <param index="0">
              <value>
                <![CDATA[All the animals in the forest gathered to watch.]]>
              </value>
            </param>
          </params>
        </test-method>
        <test-method status="PASS" signature="LoginTest(java.lang.String)" name="LoginTest" duration-ms="70153" started-at="2015-04-30T15:45:42Z" finished-at="2015-04-30T15:46:52Z">
          <params>
            <param index="0">
              <value>
                <![CDATA[The Hare ran down the road for a while and then and paused to rest.]]>
              </value>
            </param>
          </params>
        </test-method>
        <test-method status="PASS" signature="LoginTest(java.lang.String)" name="LoginTest" duration-ms="59487" started-at="2015-04-30T15:46:52Z" finished-at="2015-04-30T15:47:52Z">
          <params>
            <param index="0">
              <value>
                <![CDATA[He looked back at the tortoise and cried out]]>
              </value>
            </param>
          </params>
        </test-method>
        <test-method status="PASS" signature="LoginTest(java.lang.String)" name="LoginTest" duration-ms="62052" started-at="2015-04-30T15:47:52Z" finished-at="2015-04-30T15:48:54Z">
          <params>
            <param index="0">
              <value>
                <![CDATA[How do you expect to win this race when you are walking along at your slow, slow pace?]]>
              </value>
            </param>
          </params>
        </test-method>
        <test-method status="PASS" signature="LoginTest(java.lang.String)" name="LoginTest" duration-ms="52539" started-at="2015-04-30T15:48:54Z" finished-at="2015-04-30T15:49:46Z">
          <params>
            <param index="0">
              <value>
                <![CDATA[The Hare stretched himself out alongside the road and fell asleep, thinking]]>
              </value>
            </param>
          </params>
        </test-method>
        <test-method status="PASS" signature="LoginTest(java.lang.String)" name="LoginTest" duration-ms="63792" started-at="2015-04-30T15:49:46Z" finished-at="2015-04-30T15:50:50Z">
          <params>
            <param index="0">
              <value>
                <![CDATA[There is plenty of time to relax]]>
              </value>
            </param>
          </params>
        </test-method>
        <test-method status="PASS" signature="LoginTest(java.lang.String)" name="LoginTest" duration-ms="54047" started-at="2015-04-30T15:50:50Z" finished-at="2015-04-30T15:51:44Z">
          <params>
            <param index="0">
              <value>
                <![CDATA[The Tortoise walked and walked; never ever stopping until he came to the finish line.]]>
              </value>
            </param>
          </params>
        </test-method>
        <test-method status="PASS" signature="LoginTest(java.lang.String)" name="LoginTest" duration-ms="78304" started-at="2015-04-30T15:51:44Z" finished-at="2015-04-30T15:53:02Z">
          <params>
            <param index="0">
              <value>
                <![CDATA[The animals who were watching cheered so loudly for Tortoise]]>
              </value>
            </param>
          </params>
        </test-method>
        <test-method status="PASS" signature="LoginTest(java.lang.String)" name="LoginTest" duration-ms="59194" started-at="2015-04-30T15:53:02Z" finished-at="2015-04-30T15:54:02Z">
          <params>
            <param index="0">
              <value>
                <![CDATA[The Hare stretched and yawned and began to run again]]>
              </value>
            </param>
          </params>
        </test-method>
        <test-method status="PASS" signature="LoginTest(java.lang.String)" name="LoginTest" duration-ms="54746" started-at="2015-04-30T15:54:02Z" finished-at="2015-04-30T15:54:56Z">
          <params>
            <param index="0">
              <value>
                <![CDATA[Tortoise was already over the line.]]>
              </value>
            </param>
          </params>
        </test-method>
        <test-method status="FAIL" signature="LoginTest(java.lang.String)" name="LoginTest" duration-ms="82439" started-at="2015-04-30T15:54:56Z" finished-at="2015-04-30T15:56:19Z">
          <params>
            <param index="0">
              <value>
                <![CDATA[SLOW AND STEADY WINS THE RACE]]>
              </value>
            </param>
          </params>
          <exception class="org.openqa.selenium.NoSuchElementException">
            <message>
              <![CDATA[Unable to locate element: {"method":"xpath","selector":"html/body/div[3]/div[1]/ul/li[2]/a"}
For documentation on this error, please visit: http://seleniumhq.org/exceptions/no_such_element.html
Build info: version: '2.45.0', revision: '5017cb8', time: '2015-02-26 23:59:50'
System info: host: 'amit-PC', ip: '127.0.0.1', os.name: 'Windows 7', os.arch: 'x86', os.version: '6.1', java.version: '1.8.0_45'
Driver info: driver.version: unknown
Command duration or timeout: 50.59 seconds
For documentation on this error, please visit: http://seleniumhq.org/exceptions/no_such_element.html
Build info: version: '2.45.0', revision: '5017cb8e7ca8e37638dc3091b2440b90a1d8686f', time: '2015-02-27 09:10:26'
System info: host: 'amit-PC', ip: '127.0.0.1', os.name: 'Windows 7', os.arch: 'x86', os.version: '6.1', java.version: '1.8.0_45'
Driver info: org.openqa.selenium.remote.RemoteWebDriver
Capabilities [{applicationCacheEnabled=true, rotatable=false, handlesAlerts=true, databaseEnabled=true, version=37.0.2, platform=WINDOWS, nativeEvents=false, acceptSslCerts=true, webdriver.remote.sessionid=d7188505-5537-4e36-91c9-cc59f7796f2f, webStorageEnabled=true, locationContextEnabled=true, browserName=firefox, takesScreenshot=true, javascriptEnabled=true, cssSelectorsEnabled=true}]
Session ID: d7188505-5537-4e36-91c9-cc59f7796f2f
*** Element info: {Using=xpath, value=html/body/div[3]/div[1]/ul/li[2]/a}]]>
            </message>
            <full-stacktrace>
              <![CDATA[org.openqa.selenium.NoSuchElementException: Unable to locate element: {"method":"xpath","selector":"html/body/div[3]/div[1]/ul/li[2]/a"}
For documentation on this error, please visit: http://seleniumhq.org/exceptions/no_such_element.html
Build info: version: '2.45.0', revision: '5017cb8', time: '2015-02-26 23:59:50'
System info: host: 'amit-PC', ip: '127.0.0.1', os.name: 'Windows 7', os.arch: 'x86', os.version: '6.1', java.version: '1.8.0_45'
Driver info: driver.version: unknown
Command duration or timeout: 50.59 seconds
For documentation on this error, please visit: http://seleniumhq.org/exceptions/no_such_element.html
Build info: version: '2.45.0', revision: '5017cb8e7ca8e37638dc3091b2440b90a1d8686f', time: '2015-02-27 09:10:26'
System info: host: 'amit-PC', ip: '127.0.0.1', os.name: 'Windows 7', os.arch: 'x86', os.version: '6.1', java.version: '1.8.0_45'
Driver info: org.openqa.selenium.remote.RemoteWebDriver
Capabilities [{applicationCacheEnabled=true, rotatable=false, handlesAlerts=true, databaseEnabled=true, version=37.0.2, platform=WINDOWS, nativeEvents=false, acceptSslCerts=true, webdriver.remote.sessionid=d7188505-5537-4e36-91c9-cc59f7796f2f, webStorageEnabled=true, locationContextEnabled=true, browserName=firefox, takesScreenshot=true, javascriptEnabled=true, cssSelectorsEnabled=true}]
Session ID: d7188505-5537-4e36-91c9-cc59f7796f2f
*** Element info: {Using=xpath, value=html/body/div[3]/div[1]/ul/li[2]/a}
	at sun.reflect.NativeConstructorAccessorImpl.newInstance0(Native Method)
	at sun.reflect.NativeConstructorAccessorImpl.newInstance(NativeConstructorAccessorImpl.java:62)
	at sun.reflect.DelegatingConstructorAccessorImpl.newInstance(DelegatingConstructorAccessorImpl.java:45)
	at java.lang.reflect.Constructor.newInstance(Constructor.java:422)
	at org.openqa.selenium.remote.ErrorHandler.createThrowable(ErrorHandler.java:204)
	at org.openqa.selenium.remote.ErrorHandler.throwIfResponseFailed(ErrorHandler.java:156)
	at org.openqa.selenium.remote.RemoteWebDriver.execute(RemoteWebDriver.java:599)
	at org.openqa.selenium.remote.RemoteWebDriver.findElement(RemoteWebDriver.java:352)
	at org.openqa.selenium.remote.RemoteWebDriver.findElementByXPath(RemoteWebDriver.java:449)
	at org.openqa.selenium.By$ByXPath.findElement(By.java:357)
	at org.openqa.selenium.remote.RemoteWebDriver.findElement(RemoteWebDriver.java:344)
	at SeleniumIntegration.MavenDemo.DoTwitterPost.LoginTest(DoTwitterPost.java:145)
	at sun.reflect.GeneratedMethodAccessor7.invoke(Unknown Source)
	at sun.reflect.DelegatingMethodAccessorImpl.invoke(DelegatingMethodAccessorImpl.java:43)
	at java.lang.reflect.Method.invoke(Method.java:497)
	at org.testng.internal.MethodInvocationHelper.invokeMethod(MethodInvocationHelper.java:80)
	at org.testng.internal.Invoker.invokeMethod(Invoker.java:673)
	at org.testng.internal.Invoker.invokeTestMethod(Invoker.java:842)
	at org.testng.internal.Invoker.invokeTestMethods(Invoker.java:1166)
	at org.testng.internal.TestMethodWorker.invokeTestMethods(TestMethodWorker.java:125)
	at org.testng.internal.TestMethodWorker.run(TestMethodWorker.java:109)
	at org.testng.TestRunner.runWorkers(TestRunner.java:1178)
	at org.testng.TestRunner.privateRun(TestRunner.java:757)
	at org.testng.TestRunner.run(TestRunner.java:608)
	at org.testng.SuiteRunner.runTest(SuiteRunner.java:334)
	at org.testng.SuiteRunner.access$000(SuiteRunner.java:36)
	at org.testng.SuiteRunner$SuiteWorker.run(SuiteRunner.java:368)
	at org.testng.internal.thread.ThreadUtil$CountDownLatchedRunnable.run(ThreadUtil.java:165)
	at java.util.concurrent.ThreadPoolExecutor.runWorker(ThreadPoolExecutor.java:1142)
	at java.util.concurrent.ThreadPoolExecutor$Worker.run(ThreadPoolExecutor.java:617)
	at java.lang.Thread.run(Thread.java:745)
Caused by: org.openqa.selenium.remote.ScreenshotException: Screen shot has been taken
Build info: version: '2.45.0', revision: '5017cb8e7ca8e37638dc3091b2440b90a1d8686f', time: '2015-02-27 09:10:26'
System info: host: 'amit-PC', ip: '127.0.0.1', os.name: 'Windows 7', os.arch: 'x86', os.version: '6.1', java.version: '1.8.0_45'
Driver info: driver.version: RemoteWebDriver
	at org.openqa.selenium.remote.ErrorHandler.throwIfResponseFailed(ErrorHandler.java:136)
	... 25 more
Caused by: org.openqa.selenium.NoSuchElementException: Unable to locate element: {"method":"xpath","selector":"html/body/div[3]/div[1]/ul/li[2]/a"}
For documentation on this error, please visit: http://seleniumhq.org/exceptions/no_such_element.html
Build info: version: '2.45.0', revision: '5017cb8', time: '2015-02-26 23:59:50'
System info: host: 'amit-PC', ip: '127.0.0.1', os.name: 'Windows 7', os.arch: 'x86', os.version: '6.1', java.version: '1.8.0_45'
Driver info: driver.version: unknown
For documentation on this error, please visit: http://seleniumhq.org/exceptions/no_such_element.html
Build info: version: '2.45.0', revision: '5017cb8e7ca8e37638dc3091b2440b90a1d8686f', time: '2015-02-27 09:10:26'
System info: host: 'amit-PC', ip: '127.0.0.1', os.name: 'Windows 7', os.arch: 'x86', os.version: '6.1', java.version: '1.8.0_45'
Driver info: driver.version: unknown
	at <anonymous class>.FirefoxDriver.prototype.findElementInternal_(file:///C:/Users/amit/AppData/Local/Temp/anonymous1611184899075590255webdriver-profile/extensions/fxdriver@googlecode.com/components/driver-component.js:10271)
	at <anonymous class>.fxdriver.Timer.prototype.setTimeout/<.notify(file:///C:/Users/amit/AppData/Local/Temp/anonymous1611184899075590255webdriver-profile/extensions/fxdriver@googlecode.com/components/driver-component.js:603)
]]>
            </full-stacktrace>
          </exception>
        </test-method>
        <test-method status="FAIL" signature="LoginTest(java.lang.String)" name="LoginTest" duration-ms="11919" started-at="2015-04-30T15:56:19Z" finished-at="2015-04-30T15:56:31Z">
          <params>
            <param index="0">
              <value is-null="true"/>
            </param>
          </params>
          <exception class="org.openqa.selenium.NoSuchElementException">
            <message>
              <![CDATA[Unable to locate element: {"method":"xpath","selector":".//*[@id='email']"}
For documentation on this error, please visit: http://seleniumhq.org/exceptions/no_such_element.html
Build info: version: '2.45.0', revision: '5017cb8', time: '2015-02-26 23:59:50'
System info: host: 'amit-PC', ip: '127.0.0.1', os.name: 'Windows 7', os.arch: 'x86', os.version: '6.1', java.version: '1.8.0_45'
Driver info: driver.version: unknown
Command duration or timeout: 11.92 seconds
For documentation on this error, please visit: http://seleniumhq.org/exceptions/no_such_element.html
Build info: version: '2.45.0', revision: '5017cb8e7ca8e37638dc3091b2440b90a1d8686f', time: '2015-02-27 09:10:26'
System info: host: 'amit-PC', ip: '127.0.0.1', os.name: 'Windows 7', os.arch: 'x86', os.version: '6.1', java.version: '1.8.0_45'
Driver info: org.openqa.selenium.remote.RemoteWebDriver
Capabilities [{applicationCacheEnabled=true, rotatable=false, handlesAlerts=true, databaseEnabled=true, version=37.0.2, platform=WINDOWS, nativeEvents=false, acceptSslCerts=true, webdriver.remote.sessionid=d7188505-5537-4e36-91c9-cc59f7796f2f, webStorageEnabled=true, locationContextEnabled=true, browserName=firefox, takesScreenshot=true, javascriptEnabled=true, cssSelectorsEnabled=true}]
Session ID: d7188505-5537-4e36-91c9-cc59f7796f2f
*** Element info: {Using=xpath, value=.//*[@id='email']}]]>
            </message>
            <full-stacktrace>
              <![CDATA[org.openqa.selenium.NoSuchElementException: Unable to locate element: {"method":"xpath","selector":".//*[@id='email']"}
For documentation on this error, please visit: http://seleniumhq.org/exceptions/no_such_element.html
Build info: version: '2.45.0', revision: '5017cb8', time: '2015-02-26 23:59:50'
System info: host: 'amit-PC', ip: '127.0.0.1', os.name: 'Windows 7', os.arch: 'x86', os.version: '6.1', java.version: '1.8.0_45'
Driver info: driver.version: unknown
Command duration or timeout: 11.92 seconds
For documentation on this error, please visit: http://seleniumhq.org/exceptions/no_such_element.html
Build info: version: '2.45.0', revision: '5017cb8e7ca8e37638dc3091b2440b90a1d8686f', time: '2015-02-27 09:10:26'
System info: host: 'amit-PC', ip: '127.0.0.1', os.name: 'Windows 7', os.arch: 'x86', os.version: '6.1', java.version: '1.8.0_45'
Driver info: org.openqa.selenium.remote.RemoteWebDriver
Capabilities [{applicationCacheEnabled=true, rotatable=false, handlesAlerts=true, databaseEnabled=true, version=37.0.2, platform=WINDOWS, nativeEvents=false, acceptSslCerts=true, webdriver.remote.sessionid=d7188505-5537-4e36-91c9-cc59f7796f2f, webStorageEnabled=true, locationContextEnabled=true, browserName=firefox, takesScreenshot=true, javascriptEnabled=true, cssSelectorsEnabled=true}]
Session ID: d7188505-5537-4e36-91c9-cc59f7796f2f
*** Element info: {Using=xpath, value=.//*[@id='email']}
	at sun.reflect.NativeConstructorAccessorImpl.newInstance0(Native Method)
	at sun.reflect.NativeConstructorAccessorImpl.newInstance(NativeConstructorAccessorImpl.java:62)
	at sun.reflect.DelegatingConstructorAccessorImpl.newInstance(DelegatingConstructorAccessorImpl.java:45)
	at java.lang.reflect.Constructor.newInstance(Constructor.java:422)
	at org.openqa.selenium.remote.ErrorHandler.createThrowable(ErrorHandler.java:204)
	at org.openqa.selenium.remote.ErrorHandler.throwIfResponseFailed(ErrorHandler.java:156)
	at org.openqa.selenium.remote.RemoteWebDriver.execute(RemoteWebDriver.java:599)
	at org.openqa.selenium.remote.RemoteWebDriver.findElement(RemoteWebDriver.java:352)
	at org.openqa.selenium.remote.RemoteWebDriver.findElementByXPath(RemoteWebDriver.java:449)
	at org.openqa.selenium.By$ByXPath.findElement(By.java:357)
	at org.openqa.selenium.remote.RemoteWebDriver.findElement(RemoteWebDriver.java:344)
	at SeleniumIntegration.MavenDemo.DoTwitterPost.LoginTest(DoTwitterPost.java:131)
	at sun.reflect.GeneratedMethodAccessor7.invoke(Unknown Source)
	at sun.reflect.DelegatingMethodAccessorImpl.invoke(DelegatingMethodAccessorImpl.java:43)
	at java.lang.reflect.Method.invoke(Method.java:497)
	at org.testng.internal.MethodInvocationHelper.invokeMethod(MethodInvocationHelper.java:80)
	at org.testng.internal.Invoker.invokeMethod(Invoker.java:673)
	at org.testng.internal.Invoker.invokeTestMethod(Invoker.java:842)
	at org.testng.internal.Invoker.invokeTestMethods(Invoker.java:1166)
	at org.testng.internal.TestMethodWorker.invokeTestMethods(TestMethodWorker.java:125)
	at org.testng.internal.TestMethodWorker.run(TestMethodWorker.java:109)
	at org.testng.TestRunner.runWorkers(TestRunner.java:1178)
	at org.testng.TestRunner.privateRun(TestRunner.java:757)
	at org.testng.TestRunner.run(TestRunner.java:608)
	at org.testng.SuiteRunner.runTest(SuiteRunner.java:334)
	at org.testng.SuiteRunner.access$000(SuiteRunner.java:36)
	at org.testng.SuiteRunner$SuiteWorker.run(SuiteRunner.java:368)
	at org.testng.internal.thread.ThreadUtil$CountDownLatchedRunnable.run(ThreadUtil.java:165)
	at java.util.concurrent.ThreadPoolExecutor.runWorker(ThreadPoolExecutor.java:1142)
	at java.util.concurrent.ThreadPoolExecutor$Worker.run(ThreadPoolExecutor.java:617)
	at java.lang.Thread.run(Thread.java:745)
Caused by: org.openqa.selenium.remote.ScreenshotException: Screen shot has been taken
Build info: version: '2.45.0', revision: '5017cb8e7ca8e37638dc3091b2440b90a1d8686f', time: '2015-02-27 09:10:26'
System info: host: 'amit-PC', ip: '127.0.0.1', os.name: 'Windows 7', os.arch: 'x86', os.version: '6.1', java.version: '1.8.0_45'
Driver info: driver.version: RemoteWebDriver
	at org.openqa.selenium.remote.ErrorHandler.throwIfResponseFailed(ErrorHandler.java:136)
	... 25 more
Caused by: org.openqa.selenium.NoSuchElementException: Unable to locate element: {"method":"xpath","selector":".//*[@id='email']"}
For documentation on this error, please visit: http://seleniumhq.org/exceptions/no_such_element.html
Build info: version: '2.45.0', revision: '5017cb8', time: '2015-02-26 23:59:50'
System info: host: 'amit-PC', ip: '127.0.0.1', os.name: 'Windows 7', os.arch: 'x86', os.version: '6.1', java.version: '1.8.0_45'
Driver info: driver.version: unknown
For documentation on this error, please visit: http://seleniumhq.org/exceptions/no_such_element.html
Build info: version: '2.45.0', revision: '5017cb8e7ca8e37638dc3091b2440b90a1d8686f', time: '2015-02-27 09:10:26'
System info: host: 'amit-PC', ip: '127.0.0.1', os.name: 'Windows 7', os.arch: 'x86', os.version: '6.1', java.version: '1.8.0_45'
Driver info: driver.version: unknown
	at <anonymous class>.FirefoxDriver.prototype.findElementInternal_(file:///C:/Users/amit/AppData/Local/Temp/anonymous1611184899075590255webdriver-profile/extensions/fxdriver@googlecode.com/components/driver-component.js:10271)
	at <anonymous class>.fxdriver.Timer.prototype.setTimeout/<.notify(file:///C:/Users/amit/AppData/Local/Temp/anonymous1611184899075590255webdriver-profile/extensions/fxdriver@googlecode.com/components/driver-component.js:603)
]]>
            </full-stacktrace>
          </exception>
        </test-method>
        <test-method status="PASS" signature="terminatetest()" name="terminatetest" is-config="true" duration-ms="36" started-at="2015-04-30T15:56:31Z" finished-at="2015-04-30T15:56:31Z">
        </test-method>
      </class>
    </test>
  </suite>
</testng-results>
